<?xml version="1.0" encoding="UTF-8"?>
<testsuite name="se.karlivanpetter.gameoflife.core.CellTest" tests="4" skipped="0" failures="0" errors="0" timestamp="2021-01-12T15:04:52" hostname="CFT1080.local" time="0.002">
  <properties/>
  <testcase name="testReproduction()" classname="se.karlivanpetter.gameoflife.core.CellTest" time="0.001"/>
  <testcase name="testLivesOn()" classname="se.karlivanpetter.gameoflife.core.CellTest" time="0.0"/>
  <testcase name="testUnderpopulation()" classname="se.karlivanpetter.gameoflife.core.CellTest" time="0.001"/>
  <testcase name="testOverpopulation()" classname="se.karlivanpetter.gameoflife.core.CellTest" time="0.0"/>
  <system-out><![CDATA[]]></system-out>
  <system-err><![CDATA[]]></system-err>
</testsuite>
