<?xml version="1.0" encoding="UTF-8"?>
<testsuite name="se.karlivanpetter.gameoflife.ConfigurationTest" tests="2" skipped="0" failures="0" errors="0" timestamp="2021-01-12T15:04:52" hostname="CFT1080.local" time="0.006">
  <properties/>
  <testcase name="testParseConfig()" classname="se.karlivanpetter.gameoflife.ConfigurationTest" time="0.003"/>
  <testcase name="testMissingArguments()" classname="se.karlivanpetter.gameoflife.ConfigurationTest" time="0.003"/>
  <system-out><![CDATA[]]></system-out>
  <system-err><![CDATA[]]></system-err>
</testsuite>
